<?xml version="1.0" encoding="UTF-8"?>
<testng-results ignored="0" total="1" passed="1" failed="0" skipped="0">
  <reporter-output>
  </reporter-output>
  <suite started-at="2024-11-14T13:38:03 IST" name="Default suite" finished-at="2024-11-14T13:38:07 IST" duration-ms="3722">
    <groups>
    </groups>
    <test started-at="2024-11-14T13:38:03 IST" name="Default test" finished-at="2024-11-14T13:38:07 IST" duration-ms="3722">
      <class name="excutablefiles.BaseClass">
        <test-method signature="Login()[pri:0, instance:excutablefiles.BaseClass@7722c3c3]" started-at="2024-11-14T13:38:03 IST" name="Login" finished-at="2024-11-14T13:38:07 IST" duration-ms="3667" status="PASS">
          <reporter-output>
          </reporter-output>
        </test-method> <!-- Login -->
      </class> <!-- excutablefiles.BaseClass -->
    </test> <!-- Default test -->
  </suite> <!-- Default suite -->
</testng-results>
